[INFO / 2023-05-03 06:07:41] Running pre-analysis hooks for project tessssssssss (743f6d09521146cc8eb88647e5227ebe).
[INFO / 2023-05-03 06:07:41] Fetching data for project tessssssssss (743f6d09521146cc8eb88647e5227ebe).
[INFO / 2023-05-03 06:07:45] Adding 5656 issue_classes to project 743f6d09521146cc8eb88647e5227ebe
[INFO / 2023-05-03 06:07:53] Running analysis for project tessssssssss (743f6d09521146cc8eb88647e5227ebe).
[INFO / 2023-05-03 06:07:53] Found 1 branches: origin/master
[INFO / 2023-05-03 06:07:53] Last commit date: 2023-03-22 12:56:30
[INFO / 2023-05-03 06:07:53] {'origin/master': datetime.datetime(2023, 3, 22, 12, 56, 30)}
[INFO / 2023-05-03 06:07:53] Recently active branches: 
[INFO / 2023-05-03 06:07:53] Analyzing branch: origin/master
[INFO / 2023-05-03 06:07:53] Analyzing the 2 most recent commits in branch origin/master (offset: 0)
[INFO / 2023-05-03 06:07:53] No state for package databases - always scanning package database for vulnerabilities  Gemfile.lock
[INFO / 2023-05-03 06:07:53] No state for package databases - always scanning package database for vulnerabilities  Pipfile.lock
[INFO / 2023-05-03 06:07:53] No state for package databases - always scanning package database for vulnerabilities  package-lock.json
[INFO / 2023-05-03 06:07:53] No state for package databases - always scanning package database for vulnerabilities  Gemfile.lock
[INFO / 2023-05-03 06:07:53] No state for package databases - always scanning package database for vulnerabilities  Pipfile.lock
[INFO / 2023-05-03 06:07:53] No state for package databases - always scanning package database for vulnerabilities  package-lock.json
[INFO / 2023-05-03 06:07:53] Excluding 0 file revisions
[INFO / 2023-05-03 06:07:53] Analyzing 11 new file revisions (0 are already analyzed)
[INFO / 2023-05-03 06:07:53] Analyzing and saving: 0 - 10 (11 remaining)
[INFO / 2023-05-03 06:07:53] Analyzing file revision Gemfile
[INFO / 2023-05-03 06:08:03] Analyzing file revision Gemfile.lock
[INFO / 2023-05-03 06:08:17] Analyzing file revision Pipfile.lock
[INFO / 2023-05-03 06:08:21] Analyzing file revision csharp.cs
[INFO / 2023-05-03 06:08:34] Analyzing file revision gosample.go
[INFO / 2023-05-03 06:08:37] Analyzing file revision javasample.java
[INFO / 2023-05-03 06:08:57] Analyzing file revision javascript.js
[INFO / 2023-05-03 06:10:08] Analyzing file revision package-lock.json
[INFO / 2023-05-03 06:10:20] Analyzing file revision package.json
[INFO / 2023-05-03 06:11:07] Analyzing file revision phpsample.php
[INFO / 2023-05-03 06:11:18] Annotating and saving file revisions...
[INFO / 2023-05-03 06:11:18] Analyzing and saving: 10 - 11 (1 remaining)
[INFO / 2023-05-03 06:11:18] Analyzing file revision python.py
[INFO / 2023-05-03 06:11:28] Annotating and saving file revisions...
[INFO / 2023-05-03 06:11:28] Summarizing file revisions...
[INFO / 2023-05-03 06:11:35] Saving snapshot...
[INFO / 2023-05-03 06:11:35] Done analyzing snapshot 4b8701a9be80422da09f5017cb181e88
[INFO / 2023-05-03 06:11:36] Analyzing the 2 most recent commits in branch origin/master (offset: 1)
[INFO / 2023-05-03 06:11:36] Analyzing 2 daily commits in branch origin/master (offset: 0)
[INFO / 2023-05-03 06:11:36] Analyzing 2 daily commits in branch origin/master (offset: 1)
[INFO / 2023-05-03 06:11:36] Analyzing 2 weekly commits in branch origin/master (offset: 0)
[INFO / 2023-05-03 06:11:36] Analyzing 2 weekly commits in branch origin/master (offset: 1)
[INFO / 2023-05-03 06:11:36] Running post-analysis hooks for project tessssssssss (743f6d09521146cc8eb88647e5227ebe).
[INFO / 2023-05-03 06:11:36] Analysis of project tessssssssss (743f6d09521146cc8eb88647e5227ebe) complete!
